{"/Users/ivanmarquez/Documents/DOCUMENTOS/Development/Sellia/chat/chat-room/backend/controllers/authController.js": {"path":"/Users/ivanmarquez/Documents/DOCUMENTOS/Development/Sellia/chat/chat-room/backend/controllers/authController.js","statementMap":{"0":{"start":{"line":1,"column":13},"end":{"line":1,"column":38}},"1":{"start":{"line":2,"column":12},"end":{"line":2,"column":35}},"2":{"start":{"line":3,"column":26},"end":{"line":3,"column":55}},"3":{"start":{"line":4,"column":32},"end":{"line":4,"column":59}},"4":{"start":{"line":6,"column":0},"end":{"line":56,"column":2}},"5":{"start":{"line":7,"column":29},"end":{"line":7,"column":37}},"6":{"start":{"line":9,"column":1},"end":{"line":55,"column":2}},"7":{"start":{"line":11,"column":17},"end":{"line":11,"column":22}},"8":{"start":{"line":13,"column":2},"end":{"line":46,"column":3}},"9":{"start":{"line":14,"column":3},"end":{"line":30,"column":4}},"10":{"start":{"line":16,"column":20},"end":{"line":16,"column":61}},"11":{"start":{"line":17,"column":4},"end":{"line":20,"column":7}},"12":{"start":{"line":22,"column":4},"end":{"line":24,"column":5}},"13":{"start":{"line":23,"column":5},"end":{"line":23,"column":63}},"14":{"start":{"line":26,"column":4},"end":{"line":28,"column":17}},"15":{"start":{"line":27,"column":20},"end":{"line":27,"column":78}},"16":{"start":{"line":29,"column":16},"end":{"line":29,"column":28}},"17":{"start":{"line":33,"column":3},"end":{"line":33,"column":43}},"18":{"start":{"line":35,"column":3},"end":{"line":45,"column":4}},"19":{"start":{"line":37,"column":4},"end":{"line":37,"column":39}},"20":{"start":{"line":38,"column":4},"end":{"line":38,"column":26}},"21":{"start":{"line":39,"column":4},"end":{"line":39,"column":22}},"22":{"start":{"line":42,"column":4},"end":{"line":42,"column":39}},"23":{"start":{"line":43,"column":4},"end":{"line":43,"column":51}},"24":{"start":{"line":44,"column":4},"end":{"line":44,"column":22}},"25":{"start":{"line":49,"column":2},"end":{"line":49,"column":68}},"26":{"start":{"line":52,"column":2},"end":{"line":52,"column":17}},"27":{"start":{"line":54,"column":8},"end":{"line":54,"column":67}},"28":{"start":{"line":58,"column":0},"end":{"line":62,"column":2}},"29":{"start":{"line":59,"column":18},"end":{"line":59,"column":26}},"30":{"start":{"line":61,"column":1},"end":{"line":61,"column":55}}},"fnMap":{"0":{"name":"(anonymous_0)","decl":{"start":{"line":6,"column":16},"end":{"line":6,"column":17}},"loc":{"start":{"line":6,"column":36},"end":{"line":56,"column":1}},"line":6},"1":{"name":"(anonymous_1)","decl":{"start":{"line":58,"column":17},"end":{"line":58,"column":18}},"loc":{"start":{"line":58,"column":37},"end":{"line":62,"column":1}},"line":58}},"branchMap":{"0":{"loc":{"start":{"line":13,"column":2},"end":{"line":46,"column":3}},"type":"if","locations":[{"start":{"line":13,"column":2},"end":{"line":46,"column":3}},{"start":{"line":31,"column":9},"end":{"line":46,"column":3}}],"line":13},"1":{"loc":{"start":{"line":22,"column":4},"end":{"line":24,"column":5}},"type":"if","locations":[{"start":{"line":22,"column":4},"end":{"line":24,"column":5}},{"start":{},"end":{}}],"line":22},"2":{"loc":{"start":{"line":26,"column":4},"end":{"line":28,"column":17}},"type":"if","locations":[{"start":{"line":26,"column":4},"end":{"line":28,"column":17}},{"start":{},"end":{}}],"line":26},"3":{"loc":{"start":{"line":35,"column":3},"end":{"line":45,"column":4}},"type":"if","locations":[{"start":{"line":35,"column":3},"end":{"line":45,"column":4}},{"start":{"line":40,"column":10},"end":{"line":45,"column":4}}],"line":35}},"s":{"0":1,"1":1,"2":1,"3":1,"4":1,"5":5,"6":5,"7":5,"8":5,"9":3,"10":3,"11":1,"12":1,"13":0,"14":2,"15":1,"16":1,"17":2,"18":2,"19":1,"20":1,"21":1,"22":1,"23":1,"24":1,"25":3,"26":3,"27":1,"28":1,"29":1,"30":1},"f":{"0":5,"1":1},"b":{"0":[3,2],"1":[0,1],"2":[1,1],"3":[1,1]},"_coverageSchema":"1a1c01bbd47fc00a2c39e90264f33305004495a9","hash":"f36eb7c396a2f564275fb0e943696644e3ab3f28"}
,"/Users/ivanmarquez/Documents/DOCUMENTOS/Development/Sellia/chat/chat-room/backend/controllers/fileController.js": {"path":"/Users/ivanmarquez/Documents/DOCUMENTOS/Development/Sellia/chat/chat-room/backend/controllers/fileController.js","statementMap":{"0":{"start":{"line":1,"column":0},"end":{"line":10,"column":2}},"1":{"start":{"line":2,"column":1},"end":{"line":4,"column":2}},"2":{"start":{"line":3,"column":2},"end":{"line":3,"column":61}},"3":{"start":{"line":6,"column":17},"end":{"line":8,"column":3}},"4":{"start":{"line":9,"column":1},"end":{"line":9,"column":35}}},"fnMap":{"0":{"name":"(anonymous_0)","decl":{"start":{"line":1,"column":21},"end":{"line":1,"column":22}},"loc":{"start":{"line":1,"column":35},"end":{"line":10,"column":1}},"line":1}},"branchMap":{"0":{"loc":{"start":{"line":2,"column":1},"end":{"line":4,"column":2}},"type":"if","locations":[{"start":{"line":2,"column":1},"end":{"line":4,"column":2}},{"start":{},"end":{}}],"line":2}},"s":{"0":1,"1":2,"2":1,"3":1,"4":1},"f":{"0":2},"b":{"0":[1,1]},"_coverageSchema":"1a1c01bbd47fc00a2c39e90264f33305004495a9","hash":"aa3b3de4f61f7460465036ff661c0e524bc848e6"}
,"/Users/ivanmarquez/Documents/DOCUMENTOS/Development/Sellia/chat/chat-room/backend/controllers/messageController.js": {"path":"/Users/ivanmarquez/Documents/DOCUMENTOS/Development/Sellia/chat/chat-room/backend/controllers/messageController.js","statementMap":{"0":{"start":{"line":1,"column":17},"end":{"line":1,"column":36}},"1":{"start":{"line":2,"column":16},"end":{"line":2,"column":44}},"2":{"start":{"line":3,"column":13},"end":{"line":3,"column":38}},"3":{"start":{"line":5,"column":0},"end":{"line":37,"column":2}},"4":{"start":{"line":6,"column":46},"end":{"line":6,"column":54}},"5":{"start":{"line":8,"column":1},"end":{"line":36,"column":2}},"6":{"start":{"line":10,"column":21},"end":{"line":10,"column":51}},"7":{"start":{"line":11,"column":24},"end":{"line":11,"column":57}},"8":{"start":{"line":13,"column":2},"end":{"line":15,"column":3}},"9":{"start":{"line":14,"column":3},"end":{"line":14,"column":60}},"10":{"start":{"line":17,"column":23},"end":{"line":22,"column":4}},"11":{"start":{"line":23,"column":2},"end":{"line":23,"column":28}},"12":{"start":{"line":25,"column":18},"end":{"line":32,"column":3}},"13":{"start":{"line":33,"column":2},"end":{"line":33,"column":32}},"14":{"start":{"line":35,"column":2},"end":{"line":35,"column":49}},"15":{"start":{"line":39,"column":0},"end":{"line":96,"column":2}},"16":{"start":{"line":40,"column":38},"end":{"line":40,"column":47}},"17":{"start":{"line":41,"column":1},"end":{"line":95,"column":2}},"18":{"start":{"line":43,"column":20},"end":{"line":43,"column":38}},"19":{"start":{"line":44,"column":25},"end":{"line":44,"column":66}},"20":{"start":{"line":46,"column":29},"end":{"line":51,"column":9}},"21":{"start":{"line":53,"column":8},"end":{"line":63,"column":9}},"22":{"start":{"line":54,"column":33},"end":{"line":54,"column":54}},"23":{"start":{"line":55,"column":32},"end":{"line":55,"column":76}},"24":{"start":{"line":57,"column":12},"end":{"line":62,"column":14}},"25":{"start":{"line":65,"column":2},"end":{"line":67,"column":3}},"26":{"start":{"line":66,"column":3},"end":{"line":66,"column":58}},"27":{"start":{"line":69,"column":19},"end":{"line":72,"column":26}},"28":{"start":{"line":75,"column":30},"end":{"line":90,"column":4}},"29":{"start":{"line":76,"column":3},"end":{"line":89,"column":5}},"30":{"start":{"line":92,"column":2},"end":{"line":92,"column":32}},"31":{"start":{"line":94,"column":2},"end":{"line":94,"column":49}}},"fnMap":{"0":{"name":"(anonymous_0)","decl":{"start":{"line":5,"column":22},"end":{"line":5,"column":23}},"loc":{"start":{"line":5,"column":42},"end":{"line":37,"column":1}},"line":5},"1":{"name":"(anonymous_1)","decl":{"start":{"line":39,"column":22},"end":{"line":39,"column":23}},"loc":{"start":{"line":39,"column":42},"end":{"line":96,"column":1}},"line":39},"2":{"name":"(anonymous_2)","decl":{"start":{"line":75,"column":43},"end":{"line":75,"column":44}},"loc":{"start":{"line":75,"column":56},"end":{"line":90,"column":3}},"line":75}},"branchMap":{"0":{"loc":{"start":{"line":13,"column":2},"end":{"line":15,"column":3}},"type":"if","locations":[{"start":{"line":13,"column":2},"end":{"line":15,"column":3}},{"start":{},"end":{}}],"line":13},"1":{"loc":{"start":{"line":13,"column":6},"end":{"line":13,"column":35}},"type":"binary-expr","locations":[{"start":{"line":13,"column":6},"end":{"line":13,"column":17}},{"start":{"line":13,"column":21},"end":{"line":13,"column":35}}],"line":13},"2":{"loc":{"start":{"line":53,"column":8},"end":{"line":63,"column":9}},"type":"if","locations":[{"start":{"line":53,"column":8},"end":{"line":63,"column":9}},{"start":{},"end":{}}],"line":53},"3":{"loc":{"start":{"line":65,"column":2},"end":{"line":67,"column":3}},"type":"if","locations":[{"start":{"line":65,"column":2},"end":{"line":67,"column":3}},{"start":{},"end":{}}],"line":65}},"s":{"0":1,"1":1,"2":1,"3":1,"4":3,"5":3,"6":3,"7":2,"8":2,"9":1,"10":1,"11":1,"12":1,"13":1,"14":1,"15":1,"16":3,"17":3,"18":3,"19":3,"20":3,"21":3,"22":3,"23":3,"24":3,"25":3,"26":1,"27":3,"28":2,"29":3,"30":2,"31":1},"f":{"0":3,"1":3,"2":3},"b":{"0":[1,1],"1":[2,1],"2":[3,0],"3":[1,2]},"_coverageSchema":"1a1c01bbd47fc00a2c39e90264f33305004495a9","hash":"875009a692f5cd1e6bf788aacdf0a8a24e38c79b"}
,"/Users/ivanmarquez/Documents/DOCUMENTOS/Development/Sellia/chat/chat-room/backend/controllers/userController.js": {"path":"/Users/ivanmarquez/Documents/DOCUMENTOS/Development/Sellia/chat/chat-room/backend/controllers/userController.js","statementMap":{"0":{"start":{"line":1,"column":13},"end":{"line":1,"column":38}},"1":{"start":{"line":3,"column":21},"end":{"line":3,"column":23}},"2":{"start":{"line":5,"column":0},"end":{"line":12,"column":2}},"3":{"start":{"line":6,"column":1},"end":{"line":11,"column":2}},"4":{"start":{"line":7,"column":16},"end":{"line":7,"column":33}},"5":{"start":{"line":8,"column":2},"end":{"line":8,"column":18}},"6":{"start":{"line":10,"column":2},"end":{"line":10,"column":49}},"7":{"start":{"line":14,"column":0},"end":{"line":18,"column":2}},"8":{"start":{"line":15,"column":1},"end":{"line":17,"column":2}},"9":{"start":{"line":15,"column":33},"end":{"line":15,"column":49}},"10":{"start":{"line":16,"column":2},"end":{"line":16,"column":28}},"11":{"start":{"line":20,"column":0},"end":{"line":24,"column":2}},"12":{"start":{"line":21,"column":1},"end":{"line":23,"column":3}},"13":{"start":{"line":22,"column":12},"end":{"line":22,"column":31}},"14":{"start":{"line":26,"column":0},"end":{"line":31,"column":2}},"15":{"start":{"line":27,"column":1},"end":{"line":30,"column":4}},"16":{"start":{"line":28,"column":41},"end":{"line":28,"column":45}},"17":{"start":{"line":29,"column":2},"end":{"line":29,"column":26}},"18":{"start":{"line":33,"column":0},"end":{"line":36,"column":2}},"19":{"start":{"line":34,"column":27},"end":{"line":34,"column":58}},"20":{"start":{"line":35,"column":1},"end":{"line":35,"column":29}},"21":{"start":{"line":39,"column":0},"end":{"line":39,"column":50}},"22":{"start":{"line":39,"column":35},"end":{"line":39,"column":49}},"23":{"start":{"line":40,"column":0},"end":{"line":42,"column":2}},"24":{"start":{"line":41,"column":4},"end":{"line":41,"column":24}}},"fnMap":{"0":{"name":"(anonymous_0)","decl":{"start":{"line":5,"column":19},"end":{"line":5,"column":20}},"loc":{"start":{"line":5,"column":39},"end":{"line":12,"column":1}},"line":5},"1":{"name":"(anonymous_1)","decl":{"start":{"line":14,"column":18},"end":{"line":14,"column":19}},"loc":{"start":{"line":14,"column":28},"end":{"line":18,"column":1}},"line":14},"2":{"name":"(anonymous_2)","decl":{"start":{"line":15,"column":26},"end":{"line":15,"column":27}},"loc":{"start":{"line":15,"column":33},"end":{"line":15,"column":49}},"line":15},"3":{"name":"(anonymous_3)","decl":{"start":{"line":20,"column":21},"end":{"line":20,"column":22}},"loc":{"start":{"line":20,"column":34},"end":{"line":24,"column":1}},"line":20},"4":{"name":"(anonymous_4)","decl":{"start":{"line":22,"column":2},"end":{"line":22,"column":3}},"loc":{"start":{"line":22,"column":12},"end":{"line":22,"column":31}},"line":22},"5":{"name":"(anonymous_5)","decl":{"start":{"line":26,"column":32},"end":{"line":26,"column":33}},"loc":{"start":{"line":26,"column":38},"end":{"line":31,"column":1}},"line":26},"6":{"name":"(anonymous_6)","decl":{"start":{"line":27,"column":27},"end":{"line":27,"column":28}},"loc":{"start":{"line":27,"column":37},"end":{"line":30,"column":2}},"line":27},"7":{"name":"(anonymous_7)","decl":{"start":{"line":33,"column":28},"end":{"line":33,"column":29}},"loc":{"start":{"line":33,"column":42},"end":{"line":36,"column":1}},"line":33},"8":{"name":"(anonymous_8)","decl":{"start":{"line":39,"column":29},"end":{"line":39,"column":30}},"loc":{"start":{"line":39,"column":35},"end":{"line":39,"column":49}},"line":39},"9":{"name":"(anonymous_9)","decl":{"start":{"line":40,"column":31},"end":{"line":40,"column":32}},"loc":{"start":{"line":40,"column":37},"end":{"line":42,"column":1}},"line":40}},"branchMap":{"0":{"loc":{"start":{"line":15,"column":1},"end":{"line":17,"column":2}},"type":"if","locations":[{"start":{"line":15,"column":1},"end":{"line":17,"column":2}},{"start":{},"end":{}}],"line":15}},"s":{"0":2,"1":2,"2":2,"3":2,"4":2,"5":1,"6":1,"7":2,"8":9,"9":4,"10":8,"11":2,"12":1,"13":2,"14":2,"15":2,"16":4,"17":4,"18":2,"19":1,"20":1,"21":2,"22":4,"23":2,"24":7},"f":{"0":2,"1":9,"2":4,"3":1,"4":2,"5":2,"6":4,"7":1,"8":4,"9":7},"b":{"0":[8,1]},"_coverageSchema":"1a1c01bbd47fc00a2c39e90264f33305004495a9","hash":"074ee07aee42de5b4fa42e0c597d59abccc12611"}
,"/Users/ivanmarquez/Documents/DOCUMENTOS/Development/Sellia/chat/chat-room/backend/models/Message.js": {"path":"/Users/ivanmarquez/Documents/DOCUMENTOS/Development/Sellia/chat/chat-room/backend/models/Message.js","statementMap":{"0":{"start":{"line":1,"column":17},"end":{"line":1,"column":36}},"1":{"start":{"line":3,"column":22},"end":{"line":17,"column":2}},"2":{"start":{"line":19,"column":0},"end":{"line":19,"column":58}}},"fnMap":{},"branchMap":{},"s":{"0":1,"1":1,"2":1},"f":{},"b":{},"_coverageSchema":"1a1c01bbd47fc00a2c39e90264f33305004495a9","hash":"4fd9ed93da084b6ce5b5740976707798ff769fda"}
,"/Users/ivanmarquez/Documents/DOCUMENTOS/Development/Sellia/chat/chat-room/backend/models/User.js": {"path":"/Users/ivanmarquez/Documents/DOCUMENTOS/Development/Sellia/chat/chat-room/backend/models/User.js","statementMap":{"0":{"start":{"line":1,"column":17},"end":{"line":1,"column":36}},"1":{"start":{"line":3,"column":19},"end":{"line":6,"column":2}},"2":{"start":{"line":8,"column":0},"end":{"line":8,"column":52}}},"fnMap":{},"branchMap":{},"s":{"0":3,"1":3,"2":3},"f":{},"b":{},"_coverageSchema":"1a1c01bbd47fc00a2c39e90264f33305004495a9","hash":"135f221ce39d04367a61c5def2056ff85d6097ce"}
,"/Users/ivanmarquez/Documents/DOCUMENTOS/Development/Sellia/chat/chat-room/backend/utils/authUtils.js": {"path":"/Users/ivanmarquez/Documents/DOCUMENTOS/Development/Sellia/chat/chat-room/backend/utils/authUtils.js","statementMap":{"0":{"start":{"line":1,"column":12},"end":{"line":1,"column":35}},"1":{"start":{"line":3,"column":22},"end":{"line":7,"column":1}},"2":{"start":{"line":4,"column":1},"end":{"line":6,"column":4}},"3":{"start":{"line":9,"column":0},"end":{"line":9,"column":35}}},"fnMap":{"0":{"name":"(anonymous_0)","decl":{"start":{"line":3,"column":22},"end":{"line":3,"column":23}},"loc":{"start":{"line":3,"column":36},"end":{"line":7,"column":1}},"line":3}},"branchMap":{},"s":{"0":2,"1":2,"2":1,"3":2},"f":{"0":1},"b":{},"_coverageSchema":"1a1c01bbd47fc00a2c39e90264f33305004495a9","hash":"1057c128e468d72c0baef6c95c48a2599980efb2"}
}
