TN:
SF:controllers/authController.js
FN:6,(anonymous_0)
FN:58,(anonymous_1)
FNF:2
FNH:2
FNDA:5,(anonymous_0)
FNDA:1,(anonymous_1)
DA:1,1
DA:2,1
DA:3,1
DA:4,1
DA:6,1
DA:7,5
DA:9,5
DA:11,5
DA:13,5
DA:14,3
DA:16,3
DA:17,1
DA:22,1
DA:23,0
DA:26,2
DA:27,1
DA:29,1
DA:33,2
DA:35,2
DA:37,1
DA:38,1
DA:39,1
DA:42,1
DA:43,1
DA:44,1
DA:49,3
DA:52,3
DA:54,1
DA:58,1
DA:59,1
DA:61,1
LF:31
LH:30
BRDA:13,0,0,3
BRDA:13,0,1,2
BRDA:22,1,0,0
BRDA:22,1,1,1
BRDA:26,2,0,1
BRDA:26,2,1,1
BRDA:35,3,0,1
BRDA:35,3,1,1
BRF:8
BRH:7
end_of_record
TN:
SF:controllers/fileController.js
FN:1,(anonymous_0)
FNF:1
FNH:1
FNDA:2,(anonymous_0)
DA:1,1
DA:2,2
DA:3,1
DA:6,1
DA:9,1
LF:5
LH:5
BRDA:2,0,0,1
BRDA:2,0,1,1
BRF:2
BRH:2
end_of_record
TN:
SF:controllers/messageController.js
FN:5,(anonymous_0)
FN:39,(anonymous_1)
FN:75,(anonymous_2)
FNF:3
FNH:3
FNDA:3,(anonymous_0)
FNDA:3,(anonymous_1)
FNDA:3,(anonymous_2)
DA:1,1
DA:2,1
DA:3,1
DA:5,1
DA:6,3
DA:8,3
DA:10,3
DA:11,2
DA:13,2
DA:14,1
DA:17,1
DA:23,1
DA:25,1
DA:33,1
DA:35,1
DA:39,1
DA:40,3
DA:41,3
DA:43,3
DA:44,3
DA:46,3
DA:53,3
DA:54,3
DA:55,3
DA:57,3
DA:65,3
DA:66,1
DA:69,3
DA:75,2
DA:76,3
DA:92,2
DA:94,1
LF:32
LH:32
BRDA:13,0,0,1
BRDA:13,0,1,1
BRDA:13,1,0,2
BRDA:13,1,1,1
BRDA:53,2,0,3
BRDA:53,2,1,0
BRDA:65,3,0,1
BRDA:65,3,1,2
BRF:8
BRH:7
end_of_record
TN:
SF:controllers/userController.js
FN:5,(anonymous_0)
FN:14,(anonymous_1)
FN:15,(anonymous_2)
FN:20,(anonymous_3)
FN:22,(anonymous_4)
FN:26,(anonymous_5)
FN:27,(anonymous_6)
FN:33,(anonymous_7)
FN:39,(anonymous_8)
FN:40,(anonymous_9)
FNF:10
FNH:10
FNDA:2,(anonymous_0)
FNDA:9,(anonymous_1)
FNDA:4,(anonymous_2)
FNDA:1,(anonymous_3)
FNDA:2,(anonymous_4)
FNDA:2,(anonymous_5)
FNDA:4,(anonymous_6)
FNDA:1,(anonymous_7)
FNDA:4,(anonymous_8)
FNDA:7,(anonymous_9)
DA:1,2
DA:3,2
DA:5,2
DA:6,2
DA:7,2
DA:8,1
DA:10,1
DA:14,2
DA:15,9
DA:16,8
DA:20,2
DA:21,1
DA:22,2
DA:26,2
DA:27,2
DA:28,4
DA:29,4
DA:33,2
DA:34,1
DA:35,1
DA:39,4
DA:40,2
DA:41,7
LF:23
LH:23
BRDA:15,0,0,8
BRDA:15,0,1,1
BRF:2
BRH:2
end_of_record
TN:
SF:models/Message.js
FNF:0
FNH:0
DA:1,1
DA:3,1
DA:19,1
LF:3
LH:3
BRF:0
BRH:0
end_of_record
TN:
SF:models/User.js
FNF:0
FNH:0
DA:1,3
DA:3,3
DA:8,3
LF:3
LH:3
BRF:0
BRH:0
end_of_record
TN:
SF:utils/authUtils.js
FN:3,(anonymous_0)
FNF:1
FNH:1
FNDA:1,(anonymous_0)
DA:1,2
DA:3,2
DA:4,1
DA:9,2
LF:4
LH:4
BRF:0
BRH:0
end_of_record
